  Source1_deadline_4-6.cpp
C:\Users\Admin\source\repos\deadline_singlelist\deadline_singlelist\Source1_deadline_4-6.cpp(311,17): warning C4566: character represented by universal-character-name '\u0110' cannot be represented in the current code page (1252)
C:\Users\Admin\source\repos\deadline_singlelist\deadline_singlelist\Source1_deadline_4-6.cpp(311,17): warning C4566: character represented by universal-character-name '\u1EA7' cannot be represented in the current code page (1252)
C:\Users\Admin\source\repos\deadline_singlelist\deadline_singlelist\Source1_deadline_4-6.cpp(317,17): warning C4566: character represented by universal-character-name '\u1ED1' cannot be represented in the current code page (1252)
C:\Users\Admin\source\repos\deadline_singlelist\deadline_singlelist\Source1_deadline_4-6.cpp(326,17): warning C4566: character represented by universal-character-name '\u0110' cannot be represented in the current code page (1252)
C:\Users\Admin\source\repos\deadline_singlelist\deadline_singlelist\Source1_deadline_4-6.cpp(333,17): warning C4566: character represented by universal-character-name '\u0110' cannot be represented in the current code page (1252)
C:\Users\Admin\source\repos\deadline_singlelist\deadline_singlelist\Source1_deadline_4-6.cpp(340,21): warning C4566: character represented by universal-character-name '\u1EA5' cannot be represented in the current code page (1252)
C:\Users\Admin\source\repos\deadline_singlelist\deadline_singlelist\Source1_deadline_4-6.cpp(355,21): warning C4566: character represented by universal-character-name '\u0110' cannot be represented in the current code page (1252)
C:\Users\Admin\source\repos\deadline_singlelist\deadline_singlelist\Source1_deadline_4-6.cpp(358,21): warning C4566: character represented by universal-character-name '\u1EA5' cannot be represented in the current code page (1252)
C:\Users\Admin\source\repos\deadline_singlelist\deadline_singlelist\Source1_deadline_4-6.cpp(358,21): warning C4566: character represented by universal-character-name '\u0111' cannot be represented in the current code page (1252)
C:\Users\Admin\source\repos\deadline_singlelist\deadline_singlelist\Source1_deadline_4-6.cpp(368,21): warning C4566: character represented by universal-character-name '\u0110' cannot be represented in the current code page (1252)
C:\Users\Admin\source\repos\deadline_singlelist\deadline_singlelist\Source1_deadline_4-6.cpp(371,21): warning C4566: character represented by universal-character-name '\u0111' cannot be represented in the current code page (1252)
C:\Users\Admin\source\repos\deadline_singlelist\deadline_singlelist\Source1_deadline_4-6.cpp(380,21): warning C4566: character represented by universal-character-name '\u0110' cannot be represented in the current code page (1252)
C:\Users\Admin\source\repos\deadline_singlelist\deadline_singlelist\Source1_deadline_4-6.cpp(380,21): warning C4566: character represented by universal-character-name '\u1EE1' cannot be represented in the current code page (1252)
C:\Users\Admin\source\repos\deadline_singlelist\deadline_singlelist\Source1_deadline_4-6.cpp(380,21): warning C4566: character represented by universal-character-name '\u1ECF' cannot be represented in the current code page (1252)
C:\Users\Admin\source\repos\deadline_singlelist\deadline_singlelist\Source1_deadline_4-6.cpp(388,21): warning C4566: character represented by universal-character-name '\u1EA5' cannot be represented in the current code page (1252)
C:\Users\Admin\source\repos\deadline_singlelist\deadline_singlelist\Source1_deadline_4-6.cpp(388,21): warning C4566: character represented by universal-character-name '\u0111' cannot be represented in the current code page (1252)
C:\Users\Admin\source\repos\deadline_singlelist\deadline_singlelist\Source1_deadline_4-6.cpp(393,38): warning C4566: character represented by universal-character-name '\u1EA7' cannot be represented in the current code page (1252)
C:\Users\Admin\source\repos\deadline_singlelist\deadline_singlelist\Source1_deadline_4-6.cpp(397,38): warning C4566: character represented by universal-character-name '\u1EC5' cannot be represented in the current code page (1252)
C:\Users\Admin\source\repos\deadline_singlelist\deadline_singlelist\Source1_deadline_4-6.cpp(397,50): warning C4566: character represented by universal-character-name '\u1EAF' cannot be represented in the current code page (1252)
C:\Users\Admin\source\repos\deadline_singlelist\deadline_singlelist\Source1_deadline_4-6.cpp(407,38): warning C4566: character represented by universal-character-name '\u1EA7' cannot be represented in the current code page (1252)
C:\Users\Admin\source\repos\deadline_singlelist\deadline_singlelist\Source1_deadline_4-6.cpp(411,38): warning C4566: character represented by universal-character-name '\u1EC5' cannot be represented in the current code page (1252)
C:\Users\Admin\source\repos\deadline_singlelist\deadline_singlelist\Source1_deadline_4-6.cpp(411,50): warning C4566: character represented by universal-character-name '\u1EAF' cannot be represented in the current code page (1252)
C:\Users\Admin\source\repos\deadline_singlelist\deadline_singlelist\Source1_deadline_4-6.cpp(416,38): warning C4566: character represented by universal-character-name '\u1EA1' cannot be represented in the current code page (1252)
C:\Users\Admin\source\repos\deadline_singlelist\deadline_singlelist\Source1_deadline_4-6.cpp(426,38): warning C4566: character represented by universal-character-name '\u1EA7' cannot be represented in the current code page (1252)
C:\Users\Admin\source\repos\deadline_singlelist\deadline_singlelist\Source1_deadline_4-6.cpp(430,38): warning C4566: character represented by universal-character-name '\u1EC5' cannot be represented in the current code page (1252)
C:\Users\Admin\source\repos\deadline_singlelist\deadline_singlelist\Source1_deadline_4-6.cpp(430,50): warning C4566: character represented by universal-character-name '\u1EAF' cannot be represented in the current code page (1252)
C:\Users\Admin\source\repos\deadline_singlelist\deadline_singlelist\Source1_deadline_4-6.cpp(432,39): warning C4566: character represented by universal-character-name '\u0110' cannot be represented in the current code page (1252)
C:\Users\Admin\source\repos\deadline_singlelist\deadline_singlelist\Source1_deadline_4-6.cpp(432,39): warning C4566: character represented by universal-character-name '\u1ED7' cannot be represented in the current code page (1252)
C:\Users\Admin\source\repos\deadline_singlelist\deadline_singlelist\Source1_deadline_4-6.cpp(435,46): warning C4566: character represented by universal-character-name '\u01A1' cannot be represented in the current code page (1252)
C:\Users\Admin\source\repos\deadline_singlelist\deadline_singlelist\Source1_deadline_4-6.cpp(445,38): warning C4566: character represented by universal-character-name '\u1EA7' cannot be represented in the current code page (1252)
C:\Users\Admin\source\repos\deadline_singlelist\deadline_singlelist\Source1_deadline_4-6.cpp(449,38): warning C4566: character represented by universal-character-name '\u1EC5' cannot be represented in the current code page (1252)
C:\Users\Admin\source\repos\deadline_singlelist\deadline_singlelist\Source1_deadline_4-6.cpp(449,50): warning C4566: character represented by universal-character-name '\u1EAF' cannot be represented in the current code page (1252)
C:\Users\Admin\source\repos\deadline_singlelist\deadline_singlelist\Source1_deadline_4-6.cpp(454,38): warning C4566: character represented by universal-character-name '\u1EA1' cannot be represented in the current code page (1252)
C:\Users\Admin\source\repos\deadline_singlelist\deadline_singlelist\Source1_deadline_4-6.cpp(456,39): warning C4566: character represented by universal-character-name '\u0110' cannot be represented in the current code page (1252)
C:\Users\Admin\source\repos\deadline_singlelist\deadline_singlelist\Source1_deadline_4-6.cpp(456,39): warning C4566: character represented by universal-character-name '\u1ED7' cannot be represented in the current code page (1252)
C:\Users\Admin\source\repos\deadline_singlelist\deadline_singlelist\Source1_deadline_4-6.cpp(459,46): warning C4566: character represented by universal-character-name '\u01A1' cannot be represented in the current code page (1252)
  deadline_singlelist.vcxproj -> C:\Users\Admin\source\repos\deadline_singlelist\Debug\deadline_singlelist.exe
